<?xml version="1.0" encoding="UTF-8" ?>
<testsuite errors="0" failures="0" hostname="petrut-PC" name="test.TestNetwork" skipped="0" tests="1" time="2.202" timestamp="2014-04-23T18:31:23">
  <properties>
    <property name="java.vendor" value="Oracle Corporation" />
    <property name="env.VS90COMNTOOLS" value="c:\Program Files\Microsoft Visual Studio 9.0\Common7\Tools\" />
    <property name="sun.java.launcher" value="SUN_STANDARD" />
    <property name="sun.management.compiler" value="HotSpot Client Compiler" />
    <property name="env.PROMPT" value="$P$G" />
    <property name="os.name" value="Windows 7" />
    <property name="env.FP_NO_HOST_CHECK" value="NO" />
    <property name="sun.boot.class.path" value="C:\Program Files\Java\jdk1.7.0_02\jre\lib\resources.jar;C:\Program Files\Java\jdk1.7.0_02\jre\lib\rt.jar;C:\Program Files\Java\jdk1.7.0_02\jre\lib\sunrsasign.jar;C:\Program Files\Java\jdk1.7.0_02\jre\lib\jsse.jar;C:\Program Files\Java\jdk1.7.0_02\jre\lib\jce.jar;C:\Program Files\Java\jdk1.7.0_02\jre\lib\charsets.jar;C:\Program Files\Java\jdk1.7.0_02\jre\classes" />
    <property name="env.COMPUTERNAME" value="PETRUT-PC" />
    <property name="env.ALLUSERSPROFILE" value="C:\ProgramData" />
    <property name="sun.desktop" value="windows" />
    <property name="java.vm.specification.vendor" value="Oracle Corporation" />
    <property name="ant.home" value="C:\java\ant" />
    <property name="java.runtime.version" value="1.7.0_02-b13" />
    <property name="env.HOMEPATH" value="\Users\petrut" />
    <property name="user.name" value="petrut" />
    <property name="user.language" value="en" />
    <property name="env.windows_tracing_flags" value="3" />
    <property name="env.PT5HOME" value="C:\Program Files\Cisco Packet Tracer 5.3.3" />
    <property name="sun.boot.library.path" value="C:\Program Files\Java\jdk1.7.0_02\jre\bin" />
    <property name="ant.project.default-target" value="run_3_users" />
    <property name="ant.project.name" value="Proiect_idp" />
    <property name="java.version" value="1.7.0_02" />
    <property name="env.PROCESSOR_IDENTIFIER" value="x86 Family 6 Model 15 Stepping 13, GenuineIntel" />
    <property name="user.timezone" value="" />
    <property name="env.TEMP" value="C:\Users\petrut\AppData\Local\Temp" />
    <property name="sun.arch.data.model" value="32" />
    <property name="java.endorsed.dirs" value="C:\Program Files\Java\jdk1.7.0_02\jre\lib\endorsed" />
    <property name="env._JAVACMD" value="C:\Program Files\Java\jdk1.7.0_02\\bin\java.exe" />
    <property name="sun.cpu.isalist" value="pentium_pro+mmx pentium_pro pentium+mmx pentium i486 i386 i86" />
    <property name="env.HOMEDRIVE" value="C:" />
    <property name="sun.jnu.encoding" value="Cp1252" />
    <property name="file.encoding.pkg" value="sun.io" />
    <property name="env.VS110COMNTOOLS" value="D:\visual studio ultimate 2012 instalat\Common7\Tools\" />
    <property name="ECLIPSE_HOME" value="../../../../Desktop/eclipse-standard-kepler-SR1-win32/eclipse" />
    <property name="file.separator" value="\" />
    <property name="java.specification.name" value="Java Platform API Specification" />
    <property name="env.AVR32_HOME" value="C:\WinAVR-20100110" />
    <property name="java.class.version" value="51.0" />
    <property name="user.country" value="US" />
    <property name="java.home" value="C:\Program Files\Java\jdk1.7.0_02\jre" />
    <property name="env.PSModulePath" value="C:\Windows\system32\WindowsPowerShell\v1.0\Modules\" />
    <property name="env.APPDATA" value="C:\Users\petrut\AppData\Roaming" />
    <property name="env.PUBLIC" value="C:\Users\Public" />
    <property name="env.windows_tracing_logfile" value="C:\BVTBin\Tests\installpackage\csilogfile.log" />
    <property name="java.vm.info" value="mixed mode, sharing" />
    <property name="env.ComSpec" value="C:\Windows\system32\cmd.exe" />
    <property name="env.OS" value="Windows_NT" />
    <property name="env.CommonProgramFiles" value="C:\Program Files\Common Files" />
    <property name="ant.file" value="C:\Users\petrut\Documents\GitHub\proiect_idp\Proiect_idp\build.xml" />
    <property name="os.version" value="6.1" />
    <property name="env.=ExitCode" value="00000000" />
    <property name="ant.file.Proiect_idp" value="C:\Users\petrut\Documents\GitHub\proiect_idp\Proiect_idp\build.xml" />
    <property name="env._USE_CLASSPATH" value="no" />
    <property name="env.=::" value="::\" />
    <property name="path.separator" value=";" />
    <property name="java.vm.version" value="22.0-b10" />
    <property name="env.USERPROFILE" value="C:\Users\petrut" />
    <property name="user.variant" value="" />
    <property name="ant.library.dir" value="C:\java\ant\lib" />
    <property name="junit.output.dir" value="junit" />
    <property name="env.JAVA_HOME" value="C:\Program Files\Java\jdk1.7.0_02\" />
    <property name="java.awt.printerjob" value="sun.awt.windows.WPrinterJob" />
    <property name="env.TMP" value="C:\Users\petrut\AppData\Local\Temp" />
    <property name="sun.io.unicode.encoding" value="UnicodeLittle" />
    <property name="ant.file.type.Proiect_idp" value="file" />
    <property name="awt.toolkit" value="sun.awt.windows.WToolkit" />
    <property name="user.script" value="" />
    <property name="user.home" value="C:\Users\petrut" />
    <property name="target" value="1.7" />
    <property name="env.ProgramData" value="C:\ProgramData" />
    <property name="env.SESSIONNAME" value="Console" />
    <property name="java.specification.vendor" value="Oracle Corporation" />
    <property name="java.vendor.url" value="http://java.oracle.com/" />
    <property name="env.NUMBER_OF_PROCESSORS" value="2" />
    <property name="java.library.path" value="C:\Program Files\Java\jdk1.7.0_02\jre\bin;C:\Windows\Sun\Java\bin;C:\Windows\system32;C:\Windows;C:\Program Files\Java\jdk1.7.0_02\;C:\Program Files\Java\jdk1.7.0_02\bin;D:\oracle_database_instalat\app\oracle\product\11.2.0\server\bin;;C:\WinAVR-20100110\bin;C:\WinAVR-20100110\utils\bin;E:\app\petrut\product\11.2.0\dbhome_1\bin;C:\Program Files\Common Files\Microsoft Shared\Windows Live;C:\Windows\system32;C:\Windows;C:\Windows\System32\Wbem;C:\Windows\System32\WindowsPowerShell\v1.0\;C:\Program Files\ATI Technologies\ATI.ACE\Core-Static;C:\Program Files\WIDCOMM\Bluetooth Software\;C:\Program Files\Broadcom\Broadcom 802.11 Network Adapter\Driver;C:\Program Files\IVI\bin;C:\PROGRA~1\IVIFOU~1\VISA\WinNT\Bin;C:\Program Files\IVI Foundation\VISA\WinNT\Bin\;C:\Program Files\Microsoft SQL Server\90\Tools\binn\;C:\Program Files\Microsoft SQL Server\110\Tools\Binn\;C:\Program Files\TortoiseSVN\bin;C:\java\ant\bin;C:\Program Files\MySQL\MySQL Utilities 1.3.6\;C:\Program Files\Common Files\Microsoft Shared\Windows Live;." />
    <property name="java.vm.vendor" value="Oracle Corporation" />
    <property name="java.runtime.name" value="Java(TM) SE Runtime Environment" />
    <property name="ant.version" value="Apache Ant(TM) version 1.9.3 compiled on December 23 2013" />
    <property name="java.class.path" value="C:\Users\petrut\Documents\GitHub\proiect_idp\Proiect_idp\bin;C:\Users\petrut\Desktop\eclipse-standard-kepler-SR1-win32\eclipse\plugins\org.junit_4.11.0.v201303080030\junit.jar;C:\Users\petrut\Desktop\eclipse-standard-kepler-SR1-win32\eclipse\plugins\org.hamcrest.core_1.3.0.v201303031735.jar;C:\Users\petrut\Documents\GitHub\proiect_idp\Proiect_idp\log4j-1.2.17.jar;C:\Users\petrut\Documents\GitHub\proiect_idp\Proiect_idp\lib\junit-4.10.jar;C:\java\ant\lib\junit-4.11.jar;C:\java\ant\lib\ant-launcher.jar;C:\java\ant\lib\ant.jar;C:\java\ant\lib\ant-junit.jar;C:\java\ant\lib\ant-junit4.jar" />
    <property name="sun.java.command" value="org.apache.tools.ant.taskdefs.optional.junit.JUnitTestRunner test.TestNetwork skipNonTests=false filtertrace=true haltOnError=false haltOnFailure=false formatter=org.apache.tools.ant.taskdefs.optional.junit.OutErrSummaryJUnitResultFormatter showoutput=false outputtoformatters=true logfailedtests=true logtestlistenerevents=false formatter=org.apache.tools.ant.taskdefs.optional.junit.XMLJUnitResultFormatter,C:\Users\petrut\Documents\GitHub\proiect_idp\Proiect_idp\junit\TEST-test.TestNetwork.xml crashfile=C:\Users\petrut\Documents\GitHub\proiect_idp\Proiect_idp\junitvmwatcher1562786176525767837.properties propsfile=C:\Users\petrut\Documents\GitHub\proiect_idp\Proiect_idp\junit781588039090378249.properties" />
    <property name="java.vm.specification.name" value="Java Virtual Machine Specification" />
    <property name="ant.file.type" value="file" />
    <property name="env.windir" value="C:\Windows" />
    <property name="env.LOGONSERVER" value="\\PETRUT-PC" />
    <property name="env.PROCESSOR_ARCHITECTURE" value="x86" />
    <property name="java.vm.specification.version" value="1.7" />
    <property name="sun.os.patch.level" value="Service Pack 1" />
    <property name="sun.cpu.endian" value="little" />
    <property name="debuglevel" value="source,lines,vars" />
    <property name="env.ANT_HOME" value="C:\java\ant" />
    <property name="env.ProgramFiles" value="C:\Program Files" />
    <property name="java.io.tmpdir" value="C:\Users\petrut\AppData\Local\Temp\" />
    <property name="env.PROCESSOR_REVISION" value="0f0d" />
    <property name="java.vendor.url.bug" value="http://bugreport.sun.com/bugreport/" />
    <property name="env.SystemRoot" value="C:\Windows" />
    <property name="env.ANT_CMD_LINE_ARGS" value=" TestNetwork" />
    <property name="java.awt.graphicsenv" value="sun.awt.Win32GraphicsEnvironment" />
    <property name="os.arch" value="x86" />
    <property name="java.ext.dirs" value="C:\Program Files\Java\jdk1.7.0_02\jre\lib\ext;C:\Windows\Sun\Java\lib\ext" />
    <property name="env.LOCALAPPDATA" value="C:\Users\petrut\AppData\Local" />
    <property name="user.dir" value="C:\Users\petrut\Documents\GitHub\proiect_idp\Proiect_idp" />
    <property name="line.separator" value="&#xd;&#xa;" />
    <property name="java.vm.name" value="Java HotSpot(TM) Client VM" />
    <property name="env.PATHEXT" value=".COM;.EXE;.BAT;.CMD;.VBS;.VBE;.JS;.JSE;.WSF;.WSH;.MSC" />
    <property name="env.Path" value="C:\Program Files\Java\jdk1.7.0_02\;C:\Program Files\Java\jdk1.7.0_02\bin;D:\oracle_database_instalat\app\oracle\product\11.2.0\server\bin;;C:\WinAVR-20100110\bin;C:\WinAVR-20100110\utils\bin;E:\app\petrut\product\11.2.0\dbhome_1\bin;C:\Program Files\Common Files\Microsoft Shared\Windows Live;C:\Windows\system32;C:\Windows;C:\Windows\System32\Wbem;C:\Windows\System32\WindowsPowerShell\v1.0\;C:\Program Files\ATI Technologies\ATI.ACE\Core-Static;C:\Program Files\WIDCOMM\Bluetooth Software\;C:\Program Files\Broadcom\Broadcom 802.11 Network Adapter\Driver;C:\Program Files\IVI\bin;C:\PROGRA~1\IVIFOU~1\VISA\WinNT\Bin;C:\Program Files\IVI Foundation\VISA\WinNT\Bin\;C:\Program Files\Microsoft SQL Server\90\Tools\binn\;C:\Program Files\Microsoft SQL Server\110\Tools\Binn\;C:\Program Files\TortoiseSVN\bin;C:\java\ant\bin;C:\Program Files\MySQL\MySQL Utilities 1.3.6\;C:\Program Files\Common Files\Microsoft Shared\Windows Live" />
    <property name="basedir" value="C:\Users\petrut\Documents\GitHub\proiect_idp\Proiect_idp" />
    <property name="ant.java.version" value="1.7" />
    <property name="ant.core.lib" value="C:\java\ant\lib\ant.jar" />
    <property name="env.USERNAME" value="petrut" />
    <property name="env.ESET_OPTIONS" value="                                                                                                                                                                                                                                                                                                                                                                                                                                                                                                                                                                                                                                                                                                                                                                                                                                                                                                                                                                                                                                                               " />
    <property name="env.SystemDrive" value="C:" />
    <property name="source" value="1.7" />
    <property name="file.encoding" value="Cp1252" />
    <property name="env.USERDOMAIN" value="petrut-PC" />
    <property name="java.specification.version" value="1.7" />
    <property name="env.=C:" value="C:\Users\petrut\Documents\GitHub\proiect_idp\Proiect_idp" />
    <property name="ant.project.invoked-targets" value="TestNetwork" />
    <property name="env.PROCESSOR_LEVEL" value="6" />
  </properties>
  <testcase classname="test.TestNetwork" name="testDownload" time="2.077" />
  <system-out><![CDATA[>>> Incepe descarcarea fisierului: gigi_fis1.txt
[Thread-4] WARN networking.Network.start_server(Network.java:43) - Start Server
[AWT-EventQueue-0] WARN common.Mediator.addReceivingTransfer(Mediator.java:63) - Add transfer + it.dest = gigi
[AWT-EventQueue-0] WARN networking.Network.retrieveFile(Network.java:121) - Network retrieve file : gigi_fis1.txt 7823
[Thread-3] WARN networking.Network.start_server(Network.java:43) - Start Server
[Thread-5] WARN networking.SocketOperationAPI.<init>(SocketOperationAPI.java:22) - SOCKET OP : connect localhost 7823
[Thread-3] WARN networking.Network.start_server(Network.java:70) - SERVER: ACCEPT client 
[Thread-5] WARN networking.Network$1.run(Network.java:134) - send request chunck number BEFORE manu*
[Thread-5] WARN networking.Network$1.run(Network.java:146) - send request chunck number BEFORE
[Thread-5] WARN networking.Network$1.run(Network.java:148) - send request chunck number DONE
[Thread-3] WARN networking.Network.start_server(Network.java:85) - SERVER: sosesc date 
[Thread-3] WARN networking.SocketOperationAPI.read(SocketOperationAPI.java:82) - message read
[Thread-3] WARN networking.SocketOperationAPI.read(SocketOperationAPI.java:87) - message read bread = 4
[Thread-3] WARN networking.SocketOperationAPI.read(SocketOperationAPI.java:104) - message length :27
[Thread-3] FATAL networking.ProcessMessage.proccesMessage(ProcessMessage.java:36) - Process Msg type = 3
[Thread-3] FATAL networking.ProcessMessage.proccesMessage(ProcessMessage.java:81) - message type = RequestGetChunckNumber
[Thread-4] WARN networking.Network.start_server(Network.java:85) - SERVER: sosesc date 
[Thread-4] WARN networking.SocketOperationAPI.read(SocketOperationAPI.java:82) - message read
[Thread-4] WARN networking.SocketOperationAPI.read(SocketOperationAPI.java:87) - message read bread = 4
[Thread-4] WARN networking.SocketOperationAPI.read(SocketOperationAPI.java:104) - message length :31
[Thread-4] FATAL networking.ProcessMessage.proccesMessage(ProcessMessage.java:36) - Process Msg type = 4
[Thread-4] FATAL networking.ProcessMessage.proccesMessage(ProcessMessage.java:104) - message type = ResponseGetChunckNumber
[Thread-4] FATAL networking.ProcessMessage.proccesMessage(ProcessMessage.java:116) - message type = ResponseGetChunckNumber filename = gigi_fis1.txt
[Thread-3] WARN networking.Network.start_server(Network.java:85) - SERVER: sosesc date 
[Thread-3] WARN networking.SocketOperationAPI.read(SocketOperationAPI.java:82) - message read
[Thread-3] WARN networking.SocketOperationAPI.read(SocketOperationAPI.java:87) - message read bread = 4
[Thread-3] WARN networking.SocketOperationAPI.read(SocketOperationAPI.java:104) - message length :31
[Thread-3] FATAL networking.ProcessMessage.proccesMessage(ProcessMessage.java:36) - Process Msg type = 2
[Thread-3] FATAL networking.ProcessMessage.proccesMessage(ProcessMessage.java:52) - message type = RequestChunckType chunkID= 0bb.limit = 4610
[Thread-3] FATAL networking.ProcessMessage.proccesMessage(ProcessMessage.java:57) - message type = RequestChunckType chunkID= 0bb.limit = 4610length = 4000start = 0
[Thread-4] WARN networking.Network.start_server(Network.java:85) - SERVER: sosesc date 
[Thread-4] WARN networking.SocketOperationAPI.read(SocketOperationAPI.java:82) - message read
[Thread-4] WARN networking.SocketOperationAPI.read(SocketOperationAPI.java:87) - message read bread = 4
[Thread-4] WARN networking.SocketOperationAPI.read(SocketOperationAPI.java:104) - message length :4031
[Thread-4] FATAL networking.ProcessMessage.proccesMessage(ProcessMessage.java:36) - Process Msg type = 5
[Thread-4] FATAL networking.ProcessMessage.proccesMessage(ProcessMessage.java:128) - message type = ResponseGetChunckData
[Thread-3] WARN common.Mediator.addChunckSending(Mediator.java:145) - progress = 50e.chunkNr = 2
[Thread-4] WARN common.Mediator.addChunckReceveing(Mediator.java:181) - progress = 50e.chunkNr = 2
[Thread-4] FATAL networking.ProcessMessage.proccesMessage(ProcessMessage.java:141) - nextChunck = 1
[Thread-3] WARN networking.Network.start_server(Network.java:85) - SERVER: sosesc date 
[Thread-3] WARN networking.SocketOperationAPI.read(SocketOperationAPI.java:82) - message read
[Thread-3] WARN networking.SocketOperationAPI.read(SocketOperationAPI.java:87) - message read bread = 4
[Thread-3] WARN networking.SocketOperationAPI.read(SocketOperationAPI.java:104) - message length :31
[Thread-3] FATAL networking.ProcessMessage.proccesMessage(ProcessMessage.java:36) - Process Msg type = 2
[Thread-3] FATAL networking.ProcessMessage.proccesMessage(ProcessMessage.java:52) - message type = RequestChunckType chunkID= 1bb.limit = 4610
[Thread-3] FATAL networking.ProcessMessage.proccesMessage(ProcessMessage.java:57) - message type = RequestChunckType chunkID= 1bb.limit = 4610length = 610start = 4000
[Thread-3] WARN common.Mediator.addChunckSending(Mediator.java:145) - progress = 100e.chunkNr = 2
[Thread-4] WARN networking.Network.start_server(Network.java:85) - SERVER: sosesc date 
[Thread-4] WARN networking.SocketOperationAPI.read(SocketOperationAPI.java:82) - message read
[Thread-4] WARN networking.SocketOperationAPI.read(SocketOperationAPI.java:87) - message read bread = 4
[Thread-4] WARN networking.SocketOperationAPI.read(SocketOperationAPI.java:104) - message length :641
[Thread-4] FATAL networking.ProcessMessage.proccesMessage(ProcessMessage.java:36) - Process Msg type = 5
[Thread-4] FATAL networking.ProcessMessage.proccesMessage(ProcessMessage.java:128) - message type = ResponseGetChunckData
[Thread-4] WARN common.Mediator.addChunckReceveing(Mediator.java:181) - progress = 100e.chunkNr = 2
[Thread-4] FATAL networking.ProcessMessage.proccesMessage(ProcessMessage.java:141) - nextChunck = null


> sb length = 4260


> sb2 length = 4260
]]></system-out>
  <system-err><![CDATA[log4j:WARN No appenders could be found for logger (common.InfoUser).
log4j:WARN Please initialize the log4j system properly.
log4j:WARN See http://logging.apache.org/log4j/1.2/faq.html#noconfig for more info.
]]></system-err>
</testsuite>
